#
# There is insufficient memory for the Java Runtime Environment to continue.
# Native memory allocation (malloc) failed to allocate 1048576 bytes. Error detail: AllocateHeap
# Possible reasons:
#   The system is out of physical RAM or swap space
#   This process is running with CompressedOops enabled, and the Java Heap may be blocking the growth of the native heap
# Possible solutions:
#   Reduce memory load on the system
#   Increase physical memory or swap space
#   Check if swap backing store is full
#   Decrease Java heap size (-Xmx/-Xms)
#   Decrease number of Java threads
#   Decrease Java thread stack sizes (-Xss)
#   Set larger code cache with -XX:ReservedCodeCacheSize=
#   JVM is running with Unscaled Compressed Oops mode in which the Java heap is
#     placed in the first 4GB address space. The Java Heap base address is the
#     maximum limit for the native heap growth. Please use -XX:HeapBaseMinAddress
#     to set the Java Heap base and to place the Java Heap above 4GB virtual address.
# This output file may be truncated or incomplete.
#
#  Out of Memory Error (allocation.cpp:44), pid=31160, tid=34124
#
# JRE version:  (21.0.5+8) (build )
# Java VM: OpenJDK 64-Bit Server VM (21.0.5+8-b631.28, mixed mode, sharing, tiered, compressed oops, compressed class ptrs, g1 gc, windows-amd64)
# No core dump will be written. Minidumps are not enabled by default on client versions of Windows
#

---------------  S U M M A R Y ------------

Command Line: git4idea.http.GitAskPassApp Username for 'https://github.com': 

Host: 11th Gen Intel(R) Core(TM) i5-1135G7 @ 2.40GHz, 8 cores, 23G,  Windows 11 , 64 bit Build 22621 (10.0.22621.5160)
Time: Sat Apr 26 10:58:33 2025 SE Asia Standard Time elapsed time: 0.014734 seconds (0d 0h 0m 0s)

---------------  T H R E A D  ---------------

Current thread (0x0000021ce1717a20):  JavaThread "Unknown thread" [_thread_in_vm, id=34124, stack(0x000000e9a7100000,0x000000e9a7200000) (1024K)]

Stack: [0x000000e9a7100000,0x000000e9a7200000]
Native frames: (J=compiled Java code, j=interpreted, Vv=VM code, C=native code)
V  [jvm.dll+0x6e52b9]
V  [jvm.dll+0x8c3633]
V  [jvm.dll+0x8c5b8e]
V  [jvm.dll+0x8c6273]
V  [jvm.dll+0x288f46]
V  [jvm.dll+0xc0e57]
V  [jvm.dll+0x3339c5]
V  [jvm.dll+0x88aa4d]
V  [jvm.dll+0x3ca518]
V  [jvm.dll+0x873b98]
V  [jvm.dll+0x45eede]
V  [jvm.dll+0x460bc1]
C  [jli.dll+0x52ab]
C  [ucrtbase.dll+0x29333]
C  [KERNEL32.DLL+0x1259d]
C  [ntdll.dll+0x5af78]


---------------  P R O C E S S  ---------------

Threads class SMR info:
_java_thread_list=0x00007fff6fa8a148, length=0, elements={
}

Java Threads: ( => current thread )
Total: 0

Other Threads:

=>0x0000021ce1717a20 (exited) JavaThread "Unknown thread"    [_thread_in_vm, id=34124, stack(0x000000e9a7100000,0x000000e9a7200000) (1024K)]
Total: 1

Threads with active compile tasks:
Total: 0

VM state: not at safepoint (not fully initialized)

VM Mutex/Monitor currently owned by a thread: None

Heap address: 0x0000000000000000, size: 0 MB, Compressed Oops mode: 32-bit

CDS archive(s) mapped at: [0x0000000000000000-0x0000000000000000-0x0000000000000000), size 0, SharedBaseAddress: 0x0000000800000000, ArchiveRelocationMode: 1.
Narrow klass base: 0x0000000000000000, Narrow klass shift: 0, Narrow klass range: 0x0

GC Precious Log:
 CardTable entry size: 512
 Card Set container configuration: InlinePtr #cards 4 size 8 Array Of Cards #cards 32 size 80 Howl #buckets 8 coarsen threshold 7372 Howl Bitmap #cards 1024 size 144 coarsen threshold 921 Card regions per heap region 1 cards per card region 8192

GC Heap History (0 events):
No events

Dll operation events (1 events):
Event: 0.011 Loaded shared library C:\Program Files\JetBrains\IntelliJ IDEA 2024.2.0.1\jbr\bin\java.dll

Deoptimization events (0 events):
No events

Classes loaded (0 events):
No events

Classes unloaded (0 events):
No events

Classes redefined (0 events):
No events

Internal exceptions (0 events):
No events

ZGC Phase Switch (0 events):
No events

VM Operations (0 events):
No events

Memory protections (0 events):
No events

Nmethod flushes (0 events):
No events

Events (0 events):
No events


Dynamic libraries:
0x00007ff6f2650000 - 0x00007ff6f265a000 	C:\Program Files\JetBrains\IntelliJ IDEA 2024.2.0.1\jbr\bin\java.exe
0x00007ff80b3b0000 - 0x00007ff80b5c7000 	C:\WINDOWS\SYSTEM32\ntdll.dll
0x00007ff8097f0000 - 0x00007ff8098b3000 	C:\WINDOWS\System32\KERNEL32.DLL
0x00007ff808770000 - 0x00007ff808b43000 	C:\WINDOWS\System32\KERNELBASE.dll
0x00007ff808e70000 - 0x00007ff808f81000 	C:\WINDOWS\System32\ucrtbase.dll
0x00007ff801ec0000 - 0x00007ff801edb000 	C:\Program Files\JetBrains\IntelliJ IDEA 2024.2.0.1\jbr\bin\VCRUNTIME140.dll
0x00007fffc2210000 - 0x00007fffc2228000 	C:\Program Files\JetBrains\IntelliJ IDEA 2024.2.0.1\jbr\bin\jli.dll
0x00007ff80af20000 - 0x00007ff80b0d1000 	C:\WINDOWS\System32\USER32.dll
0x00007ff808e40000 - 0x00007ff808e66000 	C:\WINDOWS\System32\win32u.dll
0x00007ff80b320000 - 0x00007ff80b349000 	C:\WINDOWS\System32\GDI32.dll
0x00007ff808b50000 - 0x00007ff808c72000 	C:\WINDOWS\System32\gdi32full.dll
0x00007ff808560000 - 0x00007ff8085fa000 	C:\WINDOWS\System32\msvcp_win.dll
0x00007ffff8910000 - 0x00007ffff8bab000 	C:\WINDOWS\WinSxS\amd64_microsoft.windows.common-controls_6595b64144ccf1df_6.0.22621.5240_none_2710eadf7384a318\COMCTL32.dll
0x00007ff80a990000 - 0x00007ff80aa37000 	C:\WINDOWS\System32\msvcrt.dll
0x00007ff809640000 - 0x00007ff809671000 	C:\WINDOWS\System32\IMM32.DLL
0x00007fffef430000 - 0x00007fffef43c000 	C:\Program Files\JetBrains\IntelliJ IDEA 2024.2.0.1\jbr\bin\vcruntime140_1.dll
0x00007fff910f0000 - 0x00007fff9117d000 	C:\Program Files\JetBrains\IntelliJ IDEA 2024.2.0.1\jbr\bin\msvcp140.dll
0x00007fff6ee30000 - 0x00007fff6fbf1000 	C:\Program Files\JetBrains\IntelliJ IDEA 2024.2.0.1\jbr\bin\server\jvm.dll
0x00007ff8098c0000 - 0x00007ff809971000 	C:\WINDOWS\System32\ADVAPI32.dll
0x00007ff8094e0000 - 0x00007ff809587000 	C:\WINDOWS\System32\sechost.dll
0x00007ff808f90000 - 0x00007ff808fb8000 	C:\WINDOWS\System32\bcrypt.dll
0x00007ff809160000 - 0x00007ff809274000 	C:\WINDOWS\System32\RPCRT4.dll
0x00007ff809280000 - 0x00007ff8092f1000 	C:\WINDOWS\System32\WS2_32.dll
0x00007ff807d70000 - 0x00007ff807dbd000 	C:\WINDOWS\SYSTEM32\POWRPROF.dll
0x00007ff801e40000 - 0x00007ff801e74000 	C:\WINDOWS\SYSTEM32\WINMM.dll
0x00007ff801e80000 - 0x00007ff801e8a000 	C:\WINDOWS\SYSTEM32\VERSION.dll
0x00007ff807d50000 - 0x00007ff807d63000 	C:\WINDOWS\SYSTEM32\UMPDC.dll
0x00007ff8074b0000 - 0x00007ff8074c8000 	C:\WINDOWS\SYSTEM32\kernel.appcore.dll
0x00007fffef310000 - 0x00007fffef31a000 	C:\Program Files\JetBrains\IntelliJ IDEA 2024.2.0.1\jbr\bin\jimage.dll
0x00007ff8054f0000 - 0x00007ff805722000 	C:\WINDOWS\SYSTEM32\DBGHELP.DLL
0x00007ff809be0000 - 0x00007ff809f73000 	C:\WINDOWS\System32\combase.dll
0x00007ff809f80000 - 0x00007ff80a057000 	C:\WINDOWS\System32\OLEAUT32.dll
0x00007fffd7530000 - 0x00007fffd7562000 	C:\WINDOWS\SYSTEM32\dbgcore.DLL
0x00007ff808dc0000 - 0x00007ff808e3b000 	C:\WINDOWS\System32\bcryptPrimitives.dll
0x00007fffeeaa0000 - 0x00007fffeeac0000 	C:\Program Files\JetBrains\IntelliJ IDEA 2024.2.0.1\jbr\bin\java.dll

dbghelp: loaded successfully - version: 4.0.5 - missing functions: none
symbol engine: initialized successfully - sym options: 0x614 - pdb path: .;C:\Program Files\JetBrains\IntelliJ IDEA 2024.2.0.1\jbr\bin;C:\WINDOWS\SYSTEM32;C:\WINDOWS\WinSxS\amd64_microsoft.windows.common-controls_6595b64144ccf1df_6.0.22621.5240_none_2710eadf7384a318;C:\Program Files\JetBrains\IntelliJ IDEA 2024.2.0.1\jbr\bin\server

VM Arguments:
java_command: git4idea.http.GitAskPassApp Username for 'https://github.com': 
java_class_path (initial): C:/Program Files/JetBrains/IntelliJ IDEA 2024.2.0.1/plugins/vcs-git/lib/git4idea-rt.jar;C:/Program Files/JetBrains/IntelliJ IDEA 2024.2.0.1/lib/externalProcess-rt.jar
Launcher Type: SUN_STANDARD

[Global flags]
     intx CICompilerCount                          = 4                                         {product} {ergonomic}
     uint ConcGCThreads                            = 2                                         {product} {ergonomic}
     uint G1ConcRefinementThreads                  = 8                                         {product} {ergonomic}
   size_t G1HeapRegionSize                         = 4194304                                   {product} {ergonomic}
    uintx GCDrainStackTargetSize                   = 64                                        {product} {ergonomic}
   size_t InitialHeapSize                          = 402653184                                 {product} {ergonomic}
   size_t MarkStackSize                            = 4194304                                   {product} {ergonomic}
   size_t MaxHeapSize                              = 6392119296                                {product} {ergonomic}
   size_t MinHeapDeltaBytes                        = 4194304                                   {product} {ergonomic}
   size_t MinHeapSize                              = 8388608                                   {product} {ergonomic}
    uintx NonNMethodCodeHeapSize                   = 5839372                                {pd product} {ergonomic}
    uintx NonProfiledCodeHeapSize                  = 122909434                              {pd product} {ergonomic}
    uintx ProfiledCodeHeapSize                     = 122909434                              {pd product} {ergonomic}
    uintx ReservedCodeCacheSize                    = 251658240                              {pd product} {ergonomic}
     bool SegmentedCodeCache                       = true                                      {product} {ergonomic}
   size_t SoftMaxHeapSize                          = 6392119296                             {manageable} {ergonomic}
     bool UseCompressedOops                        = true                           {product lp64_product} {ergonomic}
     bool UseG1GC                                  = true                                      {product} {ergonomic}
     bool UseLargePagesIndividualAllocation        = false                                  {pd product} {ergonomic}

Logging:
Log output configuration:
 #0: stdout all=warning uptime,level,tags foldmultilines=false
 #1: stderr all=off uptime,level,tags foldmultilines=false

Environment Variables:
PATH=C:\Program Files\Git\mingw64\libexec\git-core;C:\Program Files\Git\mingw64\libexec\git-core;C:\Program Files\Git\mingw64\bin;C:\Program Files\Git\usr\bin;C:\Users\phaml\bin;C:\Users\phaml\AppData\Local\Programs\cursor\resources\app\bin;C:\Program Files\Common Files\Oracle\Java\javapath_target_4825531;C:\Python312;C:\Program Files\Common Files\Oracle\Java\javapath;C:\Program Files (x86)\VMware\VMware Workstation\bin;C:\WINDOWS\system32;C:\WINDOWS;C:\WINDOWS\System32\Wbem;C:\WINDOWS\System32\WindowsPowerShell\v1.0;C:\WINDOWS\System32\OpenSSH;C:\Program Files\dotnet;C:\msys64\mingw64\bin;C:\Program Files\nodejs;C:\ProgramData\chocolatey\bin;C:\Program Files (x86)\Microsoft SQL Server\160\DTS\Binn;C:\Program Files\Azure Data Studio\bin;C:\Program Files (x86)\Microsoft SQL Server\160\Tools\Binn;C:\Program Files\Microsoft SQL Server\160\Tools\Binn;C:\Program Files\Microsoft SQL Server\Client SDK\ODBC\170\Tools\Binn;C:\Program Files\Microsoft SQL Server\160\DTS\Binn;C:\Program Files\Microsoft SQL Server\120\Tools\Binn;C:\Program Files\Java\jdk-17\bin;C:\Python312\~cripts;C:\Program Files\Docker\Docker\resources\bin;C:\;C:\Program Files\MongoDB\Server\8.0\bin;C:\Users\phaml\Downloads\mongosh-2.3.8-win32-x64\mongosh-2.3.8-win32-x64\bin;C:\Users\phaml\AppData\Local\Programs\Python\Python313\Scripts;C:\Users\phaml\AppData\Local\Programs\Python\Python313\Scripts;C:\Program Files\PowerShell\7;C:\Program Files\JetBrains\IntelliJ IDEA 2024.2.0.1\bin\idea64.exe;C:\apache-maven-3.9.9-bin\apache-maven-3.9.9\bin;C:\Program Files\Git\cmd;C:\Users\phaml\AppData\Local\Microsoft\WindowsApps;C:\MinGW\bin;C:\Users\phaml\AppData\Roaming\npm;C:\Program Files\Azure Data Studio\bin;C:\Users\phaml\AppData\Local\Programs\Azure Data Studio\bin;C:\Program Files\Azure Data Studio\bin;C:\Program Files\JetBrains\IntelliJ IDEA 2024.2.0.1\bin;C:\Program Files\JetBrains\PyCharm 2024.1.1\bin;C:\Program Files\JetBrains\GoLand 2024.1.1\bin;C:\Users\phaml\AppData\Local\GitHubDesktop\bin;C:\Program Files\NetBeans-17\netbeans\java\gradle\bin;C:\Users\phaml\Downloads\gradle-8.10.1-bin\gradle\bin;C:\FALL24\apache-maven-3.9.9\bin;C:\Users\phaml\AppData\Local\Programs\mongosh;C:\Program Files\JetBrains\IntelliJ IDEA 2024.2.0.1\bin\idea64.exe;C:\Users\phaml\AppData\Local\Microsoft\WinGet\Packages\Schniz.fnm_Microsoft.Winget.Source_8wekyb3d8bbwe;C:\Users\phaml\AppData\Local\Programs\cursor\resources\app\bin;C:\Users\phaml\AppData\Local\Programs\Microsoft VS Code\bin
USERNAME=phaml
DISPLAY=:0.0
LC_ALL=en_US.UTF-8
TERM=xterm-256color
TMPDIR=C:\Users\phaml\AppData\Local\Temp
OS=Windows_NT
PROCESSOR_IDENTIFIER=Intel64 Family 6 Model 140 Stepping 1, GenuineIntel
TMP=C:\Users\phaml\AppData\Local\Temp
TEMP=C:\Users\phaml\AppData\Local\Temp




Periodic native trim disabled

JNI global refs:
JNI global refs: 0, weak refs: 0

JNI global refs memory usage: 0, weak refs: 0

Process memory usage:
Resident Set Size: 11124K (0% of 24960312K total physical memory with 3993188K free physical memory)

OOME stack traces (most recent first):
Classloader memory used:

---------------  S Y S T E M  ---------------

OS:
 Windows 11 , 64 bit Build 22621 (10.0.22621.5160)
OS uptime: 2 days 1:46 hours
Hyper-V role detected

CPU: total 8 (initial active 8) (4 cores per cpu, 2 threads per core) family 6 model 140 stepping 1 microcode 0x8a, cx8, cmov, fxsr, ht, mmx, 3dnowpref, sse, sse2, sse3, ssse3, sse4.1, sse4.2, popcnt, lzcnt, tsc, tscinvbit, avx, avx2, aes, erms, clmul, bmi1, bmi2, adx, avx512f, avx512dq, avx512cd, avx512bw, avx512vl, sha, fma, vzeroupper, avx512_vpopcntdq, avx512_vpclmulqdq, avx512_vaes, avx512_vnni, clflush, clflushopt, clwb, avx512_vbmi2, avx512_vbmi, hv, rdtscp, rdpid, fsrm, gfni, avx512_bitalg, f16c, cet_ibt, cet_ss, avx512_ifma
Processor Information for all 8 processors :
  Max Mhz: 2419, Current Mhz: 2419, Mhz Limit: 2419

Memory: 4k page, system-wide physical 24375M (3899M free)
TotalPageFile size 32567M (AvailPageFile size 3M)
current process WorkingSet (physical memory assigned to process): 10M, peak: 10M
current process commit charge ("private bytes"): 15M, peak: 16M

vm_info: OpenJDK 64-Bit Server VM (21.0.5+8-b631.28) for windows-amd64 JRE (21.0.5+8-b631.28), built on 2024-11-23 by "builduser" with MS VC++ 16.10 / 16.11 (VS2019)

END.
